[debug] [2025-06-26T12:25:20.899Z] ----------------------------------------------------------------------
[debug] [2025-06-26T12:25:20.900Z] Command:       /usr/bin/node /usr/bin/firebase deploy
[debug] [2025-06-26T12:25:20.900Z] CLI Version:   14.8.0
[debug] [2025-06-26T12:25:20.900Z] Platform:      linux
[debug] [2025-06-26T12:25:20.900Z] Node Version:  v22.15.1
[debug] [2025-06-26T12:25:20.900Z] Time:          Thu Jun 26 2025 17:55:20 GMT+0530 (India Standard Time)
[debug] [2025-06-26T12:25:20.901Z] ----------------------------------------------------------------------
[debug] 
[debug] [2025-06-26T12:25:20.982Z] > command requires scopes: ["email","openid","https://www.googleapis.com/auth/cloudplatformprojects.readonly","https://www.googleapis.com/auth/firebase","https://www.googleapis.com/auth/cloud-platform"]
[debug] [2025-06-26T12:25:20.982Z] > authorizing via signed-in user (umakrish0810@gmail.com)
[debug] [2025-06-26T12:25:20.982Z] [iam] checking project anandsiva-portfolio for permissions ["firebase.projects.get","firebasehosting.sites.update"]
[debug] [2025-06-26T12:25:20.983Z] Checked if tokens are valid: false, expires at: 1750939062101
[debug] [2025-06-26T12:25:20.983Z] Checked if tokens are valid: false, expires at: 1750939062101
[debug] [2025-06-26T12:25:20.983Z] > refreshing access token with scopes: []
[debug] [2025-06-26T12:25:20.984Z] >>> [apiv2][query] POST https://www.googleapis.com/oauth2/v3/token [none]
[debug] [2025-06-26T12:25:20.984Z] >>> [apiv2][body] POST https://www.googleapis.com/oauth2/v3/token [omitted]
[debug] [2025-06-26T12:25:21.208Z] <<< [apiv2][status] POST https://www.googleapis.com/oauth2/v3/token 200
[debug] [2025-06-26T12:25:21.209Z] <<< [apiv2][body] POST https://www.googleapis.com/oauth2/v3/token [omitted]
[debug] [2025-06-26T12:25:21.218Z] >>> [apiv2][query] POST https://cloudresourcemanager.googleapis.com/v1/projects/anandsiva-portfolio:testIamPermissions [none]
[debug] [2025-06-26T12:25:21.218Z] >>> [apiv2][(partial)header] POST https://cloudresourcemanager.googleapis.com/v1/projects/anandsiva-portfolio:testIamPermissions x-goog-quota-user=projects/anandsiva-portfolio
[debug] [2025-06-26T12:25:21.218Z] >>> [apiv2][body] POST https://cloudresourcemanager.googleapis.com/v1/projects/anandsiva-portfolio:testIamPermissions {"permissions":["firebase.projects.get","firebasehosting.sites.update"]}
[debug] [2025-06-26T12:25:22.775Z] <<< [apiv2][status] POST https://cloudresourcemanager.googleapis.com/v1/projects/anandsiva-portfolio:testIamPermissions 200
[debug] [2025-06-26T12:25:22.775Z] <<< [apiv2][body] POST https://cloudresourcemanager.googleapis.com/v1/projects/anandsiva-portfolio:testIamPermissions {}
[debug] [2025-06-26T12:25:22.776Z] [iam] error while checking permissions, command may fail: Authorization failed. This account is missing the following required permissions on project anandsiva-portfolio:

  firebase.projects.get
  firebasehosting.sites.update
[debug] [2025-06-26T12:25:22.777Z] Checked if tokens are valid: true, expires at: 1750944320209
[debug] [2025-06-26T12:25:22.777Z] Checked if tokens are valid: true, expires at: 1750944320209
[debug] [2025-06-26T12:25:22.778Z] >>> [apiv2][query] GET https://firebase.googleapis.com/v1beta1/projects/anandsiva-portfolio [none]
[debug] [2025-06-26T12:25:23.691Z] <<< [apiv2][status] GET https://firebase.googleapis.com/v1beta1/projects/anandsiva-portfolio 403
[debug] [2025-06-26T12:25:23.691Z] <<< [apiv2][body] GET https://firebase.googleapis.com/v1beta1/projects/anandsiva-portfolio {"error":{"code":403,"message":"The caller does not have permission","status":"PERMISSION_DENIED"}}
[debug] [2025-06-26T12:25:23.693Z] Request to https://firebase.googleapis.com/v1beta1/projects/anandsiva-portfolio had HTTP Error: 403, The caller does not have permission
[debug] [2025-06-26T12:25:23.694Z] FirebaseError: Request to https://firebase.googleapis.com/v1beta1/projects/anandsiva-portfolio had HTTP Error: 403, The caller does not have permission
    at responseToError (/usr/lib/node_modules/firebase-tools/lib/responseToError.js:52:12)
    at RetryOperation._fn (/usr/lib/node_modules/firebase-tools/lib/apiv2.js:312:77)
    at process.processTicksAndRejections (node:internal/process/task_queues:105:5)
[error] 
[error] Error: Failed to get Firebase project anandsiva-portfolio. Please make sure the project exists and your account has permission to access it.
